<?xml version="1.0" encoding="UTF-8"?>
<!-- Generated by org.testng.reporters.JUnitXMLReporter -->
<testsuite hostname="sss-ПК" ignored="4" name="Default test" tests="1" failures="0" timestamp="14 дек 2017 20:48:27 GMT" time="20.181" errors="0">
  <testcase name="Test6" time="6.486" classname="by.htp.testng.study.NewTest"/>
  <testcase name="test4" time="0.0" classname="by.htp.testng.study.NewTest">
    <ignored/>
  </testcase> <!-- test4 -->
  <testcase name="test2" time="0.0" classname="by.htp.testng.study.NewTest">
    <ignored/>
  </testcase> <!-- test2 -->
  <testcase name="test1" time="0.0" classname="by.htp.testng.study.NewTest">
    <ignored/>
  </testcase> <!-- test1 -->
  <testcase name="Test5" time="0.0" classname="by.htp.testng.study.NewTest">
    <ignored/>
  </testcase> <!-- Test5 -->
</testsuite> <!-- Default test -->
